\BOOKMARK [0][-]{figure.caption.1}{\376\377\144\130\211\201\000\040\000\040\000\040\000.\000\040\000\040\000\040\000.\000\040\000\040\000.\000\040\000\040\000.\000\040\000\040\000.\000\040\000\040\000\040\000.\000\040\000\040\000.\000\040\000\040\000.\000\040\000\040\000.\000\040\000\040\000.\000\040\000\040\000.\000\040\000\040\000.\000\040\000\040\000.\000\040\000\040\000.\000\040\000\040\000.\000\040\000\040\000.\000\040\000\040\000.\000\040\000\040\000\040\000.\000\040\000\040\000.\000\040\000\040\000.\000\040\000\040\000.\000\040\000\040\000\040\000.\000\040\000\040\000.\000\040\000\040\000.\000\040\000\040\000.\000\040\000\040\000.\000\040\000\040\000.\000\040\000\040\000.\000\040\000\040\000.\000\040\000\040\000.\000\040\000\040\000.\000\040\000\040\000.\000\040\000\040\000.\000\040\000\040\000.\000\040\000\040\000.\000\040\000\040\000.\000\040\000\040\000.\000\040\000\040}{}% 1
\BOOKMARK [0][-]{figure.caption.1}{\376\377\202\361\145\207\144\130\211\201\000\040\000\040\000\040\000.\000\040\000\040\000\040\000.\000\040\000\040\000.\000\040\000\040\000.\000\040\000\040\000.\000\040\000\040\000\040\000.\000\040\000\040\000.\000\040\000\040\000.\000\040\000\040\000.\000\040\000\040\000.\000\040\000\040\000.\000\040\000\040\000.\000\040\000\040\000.\000\040\000\040\000.\000\040\000\040\000.\000\040\000\040\000.\000\040\000\040\000.\000\040\000\040\000\040\000.\000\040\000\040\000.\000\040\000\040\000.\000\040\000\040\000.\000\040\000\040\000\040\000.\000\040\000\040\000.\000\040\000\040\000.\000\040\000\040\000.\000\040\000\040\000.\000\040\000\040\000.\000\040\000\040\000.\000\040\000\040\000.\000\040\000\040\000.\000\040\000\040\000.\000\040\000\040\000.\000\040\000\040\000.\000\040\000\040\000.\000\040\000\040\000.\000\040\000\040\000.\000\040\000\040\000.\000\040\000\040}{}% 2
\BOOKMARK [0][-]{chapter.1}{\376\377\176\352\213\272}{}% 3
\BOOKMARK [1][-]{section.1.1}{\376\377\170\024\172\166\200\314\146\157\116\016\141\017\116\111}{chapter.1}% 4
\BOOKMARK [1][-]{section.1.2}{\376\377\152\041\127\213\116\313\176\315}{chapter.1}% 5
\BOOKMARK [2][-]{subsection.1.2.1}{\376\377\155\101\117\123\000-\155\101\117\123\200\046\124\010\152\041\127\213}{section.1.2}% 6
\BOOKMARK [2][-]{subsection.1.2.2}{\376\377\137\002\140\047\000H\000e\000l\000m\000h\000o\000l\000t\000z\145\271\172\013}{section.1.2}% 7
\BOOKMARK [1][-]{section.1.3}{\376\377\145\271\154\325\116\313\176\315}{chapter.1}% 8
\BOOKMARK [2][-]{subsection.1.3.1}{\376\377\123\072\127\337\122\006\211\343\145\271\154\325\116\313\176\315}{section.1.3}% 9
\BOOKMARK [2][-]{subsection.1.3.2}{\376\377\155\361\136\246\133\146\116\140\145\271\154\325\116\313\176\315}{section.1.3}% 10
\BOOKMARK [2][-]{subsection.1.3.3}{\376\377\155\361\136\246\123\072\127\337\122\006\211\343\145\271\154\325\116\313\176\315}{section.1.3}% 11
\BOOKMARK [1][-]{section.1.4}{\376\377\147\054\145\207\116\073\211\201\170\024\172\166\135\345\117\134}{chapter.1}% 12
\BOOKMARK [0][-]{chapter.2}{\376\377\155\101\117\123\000-\155\101\117\123\200\046\124\010\145\271\172\013\166\204\000S\000c\000h\000w\000a\000r\000z\116\244\146\377\173\227\154\325}{}% 13
\BOOKMARK [1][-]{section.2.1}{\376\377\152\041\127\213\225\356\230\230}{chapter.2}% 14
\BOOKMARK [1][-]{section.2.2}{\376\377\173\227\154\325\143\317\217\360}{chapter.2}% 15
\BOOKMARK [1][-]{section.2.3}{\376\377\173\227\154\325\145\066\145\133\140\047\122\006\147\220}{chapter.2}% 16
\BOOKMARK [2][-]{subsection.2.3.1}{\376\377\200\375\221\317\122\006\147\220\154\325}{section.2.3}% 17
\BOOKMARK [2][-]{subsection.2.3.2}{\376\377\000F\000o\000u\000r\000i\000e\000r\122\006\147\220}{section.2.3}% 18
\BOOKMARK [1][-]{section.2.4}{\376\377\145\160\120\074\133\236\232\214}{chapter.2}% 19
\BOOKMARK [2][-]{subsection.2.4.1}{\376\377\213\357\135\356\145\271\172\013}{section.2.4}% 20
\BOOKMARK [2][-]{subsection.2.4.2}{\376\377\213\241\173\227\133\236\117\213}{section.2.4}% 21
\BOOKMARK [1][-]{section.2.5}{\376\377\147\054\172\340\134\017\176\323}{chapter.2}% 22
\BOOKMARK [0][-]{chapter.3}{\376\377\155\101\117\123\000-\155\101\117\123\200\046\124\010\145\271\172\013\166\204\117\030\123\026\000S\000c\000h\000w\000a\000r\000z\173\227\154\325}{}% 23
\BOOKMARK [1][-]{section.3.1}{\376\377\152\041\127\213\225\356\230\230}{chapter.3}% 24
\BOOKMARK [1][-]{section.3.2}{\376\377\173\227\154\325\143\317\217\360}{chapter.3}% 25
\BOOKMARK [1][-]{section.3.3}{\376\377\145\066\145\133\126\340\133\120}{chapter.3}% 26
\BOOKMARK [1][-]{section.3.4}{\376\377\147\000\117\030\117\040\217\223\147\141\116\366\123\312\121\166\217\321\117\074}{chapter.3}% 27
\BOOKMARK [2][-]{subsection.3.4.1}{\376\377\000R\000o\000b\000i\000n\127\213\165\114\227\142\117\040\217\223\147\141\116\366}{section.3.4}% 28
\BOOKMARK [2][-]{subsection.3.4.2}{\376\377\123\314\217\271\000R\000o\000b\000i\000n\127\213\165\114\227\142\117\040\217\223\147\141\116\366}{section.3.4}% 29
\BOOKMARK [1][-]{section.3.5}{\376\377\145\160\120\074\133\236\232\214}{chapter.3}% 30
\BOOKMARK [1][-]{section.3.6}{\376\377\147\054\172\340\134\017\176\323}{chapter.3}% 31
\BOOKMARK [0][-]{chapter.4}{\376\377\137\002\140\047\000P\000o\000i\000s\000s\000o\000n\145\271\172\013\166\204\155\361\136\246\123\072\127\337\122\006\211\343\173\227\154\325}{}% 32
\BOOKMARK [1][-]{section.4.1}{\376\377\152\041\127\213\225\356\230\230}{chapter.4}% 33
\BOOKMARK [1][-]{section.4.2}{\376\377\173\227\154\325\143\317\217\360}{chapter.4}% 34
\BOOKMARK [1][-]{section.4.3}{\376\377\173\227\154\325\140\047\200\375\122\006\147\220}{chapter.4}% 35
\BOOKMARK [1][-]{section.4.4}{\376\377\145\160\120\074\133\236\232\214}{chapter.4}% 36
\BOOKMARK [2][-]{subsection.4.4.1}{\376\377\176\317\121\170\166\204\000P\000o\000i\000s\000s\000o\000n\145\271\172\013}{section.4.4}% 37
\BOOKMARK [2][-]{subsection.4.4.2}{\376\377\121\167\147\011\146\362\165\114\227\142\166\204\137\002\140\047\000P\000o\000i\000s\000s\000o\000n\145\271\172\013}{section.4.4}% 38
\BOOKMARK [1][-]{section.4.5}{\376\377\147\054\172\340\134\017\176\323}{chapter.4}% 39
\BOOKMARK [0][-]{chapter.5}{\376\377\137\002\140\047\000H\000e\000l\000m\000h\000o\000l\000t\000z\145\271\172\013\166\204\155\361\136\246\123\072\127\337\122\006\211\343\173\227\154\325}{}% 40
\BOOKMARK [1][-]{section.5.1}{\376\377\152\041\127\213\225\356\230\230}{chapter.5}% 41
\BOOKMARK [1][-]{section.5.2}{\376\377\173\227\154\325\143\317\217\360}{chapter.5}% 42
\BOOKMARK [1][-]{section.5.3}{\376\377\145\160\120\074\133\236\232\214}{chapter.5}% 43
\BOOKMARK [2][-]{subsection.5.3.1}{\376\377\133\236\232\214\213\276\133\232}{section.5.3}% 44
\BOOKMARK [2][-]{subsection.5.3.2}{\376\377\237\120\153\041\000H\000e\000l\000m\000h\000o\000l\000t\000z\145\271\172\013}{section.5.3}% 45
\BOOKMARK [2][-]{subsection.5.3.3}{\376\377\137\002\140\047\116\313\215\050\116\012\166\204\237\120\153\041\000H\000e\000l\000m\000h\000o\000l\000t\000z\145\271\172\013}{section.5.3}% 46
\BOOKMARK [2][-]{subsection.5.3.4}{\376\377\137\002\140\047\116\313\215\050\116\012\166\204\227\136\237\120\153\041\000H\000e\000l\000m\000h\000o\000l\000t\000z\145\271\172\013}{section.5.3}% 47
\BOOKMARK [1][-]{section.5.4}{\376\377\147\054\172\340\134\017\176\323}{chapter.5}% 48
\BOOKMARK [0][-]{chapter.6}{\376\377\176\323\213\272}{}% 49
\BOOKMARK [0][-]{chapter.6}{\376\377\123\302\200\003\145\207\163\056\000\040\000\040\000.\000\040\000\040\000.\000\040\000\040\000.\000\040\000\040\000.\000\040\000\040\000.\000\040\000\040\000\040\000.\000\040\000\040\000.\000\040\000\040\000.\000\040\000\040\000.\000\040\000\040\000.\000\040\000\040\000.\000\040\000\040\000.\000\040\000\040\000.\000\040\000\040\000.\000\040\000\040\000.\000\040\000\040\000.\000\040\000\040\000.\000\040\000\040\000\040\000.\000\040\000\040\000.\000\040\000\040\000.\000\040\000\040\000.\000\040\000\040\000\040\000.\000\040\000\040\000.\000\040\000\040\000.\000\040\000\040\000.\000\040\000\040\000.\000\040\000\040\000.\000\040\000\040\000.\000\040\000\040\000.\000\040\000\040\000.\000\040\000\040\000.\000\040\000\040\000.\000\040\000\040\000.\000\040\000\040\000.\000\040\000\040\000.\000\040\000\040\000.\000\040\000\040\000.\000\040\000\040}{}% 50
\BOOKMARK [0][-]{chapter*.46}{\376\377\201\364\214\042\000\040\000\040\000\040\000.\000\040\000\040\000.\000\040\000\040\000.\000\040\000\040\000.\000\040\000\040\000.\000\040\000\040\000\040\000.\000\040\000\040\000.\000\040\000\040\000.\000\040\000\040\000.\000\040\000\040\000.\000\040\000\040\000.\000\040\000\040\000.\000\040\000\040\000.\000\040\000\040\000.\000\040\000\040\000.\000\040\000\040\000.\000\040\000\040\000.\000\040\000\040\000\040\000.\000\040\000\040\000.\000\040\000\040\000.\000\040\000\040\000.\000\040\000\040\000\040\000.\000\040\000\040\000.\000\040\000\040\000.\000\040\000\040\000.\000\040\000\040\000.\000\040\000\040\000.\000\040\000\040\000.\000\040\000\040\000.\000\040\000\040\000.\000\040\000\040\000.\000\040\000\040\000.\000\040\000\040\000.\000\040\000\040\000.\000\040\000\040\000.\000\040\000\040\000.\000\040\000\040\000.\000\040\000\040\000.\000\040\000\040\000.\000\040\000\040\000.\000\040\000\040}{}% 51
\BOOKMARK [0][-]{chapter*.46}{\376\377\127\050\133\146\147\037\225\364\121\154\137\000\123\321\210\150\213\272\145\207\123\312\204\127\117\134\140\305\121\265\000\040\000\040\000\040\000\040\000.\000\040\000\040\000.\000\040\000\040\000.\000\040\000\040\000.\000\040\000\040\000.\000\040\000\040\000.\000\040\000\040\000.\000\040\000\040\000.\000\040\000\040\000.\000\040\000\040\000.\000\040\000\040\000.\000\040\000\040\000.\000\040\000\040\000.\000\040\000\040\000.\000\040\000\040\000.\000\040\000\040\000.\000\040\000\040\000.\000\040\000\040\000.\000\040\000\040\000.\000\040\000\040\000.\000\040\000\040\000.}{}% 52
